{
  "stats": {
    "suites": 1,
    "tests": 2,
    "passes": 2,
    "pending": 0,
    "failures": 0,
    "start": "2022-07-26T23:39:37.565Z",
    "end": "2022-07-26T23:39:40.654Z",
    "duration": 3089,
    "testsRegistered": 2,
    "passPercent": 100,
    "pendingPercent": 0,
    "other": 0,
    "hasOther": false,
    "skipped": 0,
    "hasSkipped": false
  },
  "results": [
    {
      "uuid": "2d6a625d-a6be-4ab9-a921-a34d87976be7",
      "title": "",
      "fullFile": "cypress/integration/listing.spec.js",
      "file": "cypress/integration/listing.spec.js",
      "beforeHooks": [],
      "afterHooks": [],
      "tests": [],
      "suites": [
        {
          "uuid": "2c0e2105-c698-45b3-9345-967575d1dab0",
          "title": "Listings",
          "fullFile": "",
          "file": "",
          "beforeHooks": [],
          "afterHooks": [],
          "tests": [
            {
              "title": "When there is no record, then the listing should be empty",
              "fullTitle": "Listings When there is no record, then the listing should be empty",
              "timedOut": null,
              "duration": 2856,
              "state": "passed",
              "speed": "fast",
              "pass": true,
              "fail": false,
              "pending": false,
              "context": null,
              "code": "cy.fixture('listing-empty').then(data => {\n  window.localStorage.setItem('data', JSON.stringify(data));\n});\ncy.visit('/listagem.html');\ncy.get('table tbody tr').should('have.length', 0);",
              "err": {},
              "uuid": "eed59661-f682-4d44-834f-70bd84d849e2",
              "parentUUID": "2c0e2105-c698-45b3-9345-967575d1dab0",
              "isHook": false,
              "skipped": false
            },
            {
              "title": "When there are one or more records, then the listing should display each record ",
              "fullTitle": "Listings When there are one or more records, then the listing should display each record ",
              "timedOut": null,
              "duration": 210,
              "state": "passed",
              "speed": "fast",
              "pass": true,
              "fail": false,
              "pending": false,
              "context": null,
              "code": "cy.fixture('listing-itens').then(data => {\n  window.localStorage.setItem('data', JSON.stringify(data));\n});\ncy.visit('/listagem.html');\ncy.get('table tbody tr').should('have.length', 2);",
              "err": {},
              "uuid": "03220d71-10f8-4485-a1ea-2396465daf46",
              "parentUUID": "2c0e2105-c698-45b3-9345-967575d1dab0",
              "isHook": false,
              "skipped": false
            }
          ],
          "suites": [],
          "passes": [
            "eed59661-f682-4d44-834f-70bd84d849e2",
            "03220d71-10f8-4485-a1ea-2396465daf46"
          ],
          "failures": [],
          "pending": [],
          "skipped": [],
          "duration": 3066,
          "root": false,
          "rootEmpty": false,
          "_timeout": 2000
        }
      ],
      "passes": [],
      "failures": [],
      "pending": [],
      "skipped": [],
      "duration": 0,
      "root": true,
      "rootEmpty": true,
      "_timeout": 2000
    }
  ],
  "meta": {
    "mocha": {
      "version": "7.0.1"
    },
    "mochawesome": {
      "options": {
        "quiet": true,
        "reportFilename": "mochawesome",
        "saveHtml": false,
        "saveJson": true,
        "consoleReporter": "spec",
        "useInlineDiffs": false,
        "code": true
      },
      "version": "7.1.3"
    },
    "marge": {
      "options": {
        "id": "default",
        "reportDir": "mochawesome-report",
        "quiet": true,
        "overwrite": false,
        "html": false,
        "json": true
      },
      "version": "6.2.0"
    }
  }
}