{
  "stats": {
    "suites": 1,
    "tests": 2,
    "passes": 2,
    "pending": 0,
    "failures": 0,
    "start": "2022-07-26T23:39:44.617Z",
    "end": "2022-07-26T23:39:50.373Z",
    "duration": 5756,
    "testsRegistered": 2,
    "passPercent": 100,
    "pendingPercent": 0,
    "other": 0,
    "hasOther": false,
    "skipped": 0,
    "hasSkipped": false
  },
  "results": [
    {
      "uuid": "4e5728d2-22ba-43b3-b23a-2bced48ca86e",
      "title": "",
      "fullFile": "cypress/integration/registration.spec.js",
      "file": "cypress/integration/registration.spec.js",
      "beforeHooks": [],
      "afterHooks": [],
      "tests": [],
      "suites": [
        {
          "uuid": "f33bfb7d-887b-4f80-867c-ee346c71577e",
          "title": "Registration",
          "fullFile": "",
          "file": "",
          "beforeHooks": [],
          "afterHooks": [],
          "tests": [
            {
              "title": "When correctly filled, then the registration should be finished with success - fixed data",
              "fullTitle": "Registration When correctly filled, then the registration should be finished with success - fixed data",
              "timedOut": null,
              "duration": 3102,
              "state": "passed",
              "speed": "fast",
              "pass": true,
              "fail": false,
              "pending": false,
              "context": null,
              "code": "cy.visit('/'); //inputs text / textarea / email -> type\ncy.get('input[name=\"firstName\"]').type('Harry');\ncy.get('input[name=\"lastName\"]').type('Potter');\ncy.get('textarea[name=\"adress\"]').type('Rua dos Alfeneiros, 4');\ncy.get('input[name=\"emailAdress\"]').type('potter.h@mail.com'); //inputs radio / checkboxes -> check\ncy.get('input[value=\"m\"]').check();\ncy.get('input[type=\"checkbox\"]').check('Netflix');\ncy.get('input[type=\"checkbox\"]').check('Livros'); //inputs combobox / select -> select\ncy.get('select#countries').select('Dinamarca', {\n  force: true\n});\ncy.get('select#years').select('1980', {\n  force: true\n});\ncy.get('select#months').select('Julho', {\n  force: true\n});\ncy.get('select#days').select('31', {\n  force: true\n}); //inputs password -> type\ncy.get('input#firstpassword').type('Lero2022');\ncy.get('input#secondpassword').type('Lero2022'); //inputs button -> click\ncy.get('button#submitbtn').click(); //assertions\ncy.url().should('contain', 'listagem');",
              "err": {},
              "uuid": "85a6be2d-b6e7-4657-bbd9-80a7c417388e",
              "parentUUID": "f33bfb7d-887b-4f80-867c-ee346c71577e",
              "isHook": false,
              "skipped": false
            },
            {
              "title": "When correctly filled, then the registration should be finished with success - using random data",
              "fullTitle": "Registration When correctly filled, then the registration should be finished with success - using random data",
              "timedOut": null,
              "duration": 2616,
              "state": "passed",
              "speed": "fast",
              "pass": true,
              "fail": false,
              "pending": false,
              "context": null,
              "code": "cy.visit('/');\ncy.get('input[name=\"firstName\"]').type(chance.first());\ncy.get('input[name=\"lastName\"]').type(chance.last());\ncy.get('textarea[name=\"adress\"]').type(chance.address());\ncy.get('input[name=\"emailAdress\"]').type(chance.email());\ncy.get('input[value=\"m\"]').check();\ncy.get('input[type=\"checkbox\"]').check('Netflix');\ncy.get('input[type=\"checkbox\"]').check('Livros');\ncy.get('select#countries').select('Dinamarca', {\n  force: true\n});\ncy.get('select#years').select('1980', {\n  force: true\n});\ncy.get('select#months').select('Julho', {\n  force: true\n});\ncy.get('select#days').select('31', {\n  force: true\n});\ncy.get('input#firstpassword').type('Lero2022');\ncy.get('input#secondpassword').type('Lero2022');\ncy.get('button#submitbtn').click();\ncy.url().should('contain', 'listagem');",
              "err": {},
              "uuid": "51b8b795-7d54-4791-88d3-b320a59ae24e",
              "parentUUID": "f33bfb7d-887b-4f80-867c-ee346c71577e",
              "isHook": false,
              "skipped": false
            }
          ],
          "suites": [],
          "passes": [
            "85a6be2d-b6e7-4657-bbd9-80a7c417388e",
            "51b8b795-7d54-4791-88d3-b320a59ae24e"
          ],
          "failures": [],
          "pending": [],
          "skipped": [],
          "duration": 5718,
          "root": false,
          "rootEmpty": false,
          "_timeout": 2000
        }
      ],
      "passes": [],
      "failures": [],
      "pending": [],
      "skipped": [],
      "duration": 0,
      "root": true,
      "rootEmpty": true,
      "_timeout": 2000
    }
  ],
  "meta": {
    "mocha": {
      "version": "7.0.1"
    },
    "mochawesome": {
      "options": {
        "quiet": true,
        "reportFilename": "mochawesome",
        "saveHtml": false,
        "saveJson": true,
        "consoleReporter": "spec",
        "useInlineDiffs": false,
        "code": true
      },
      "version": "7.1.3"
    },
    "marge": {
      "options": {
        "id": "default",
        "reportDir": "mochawesome-report",
        "quiet": true,
        "overwrite": false,
        "html": false,
        "json": true
      },
      "version": "6.2.0"
    }
  }
}