{
  "stats": {
    "suites": 1,
    "tests": 2,
    "passes": 2,
    "pending": 0,
    "failures": 0,
    "start": "2022-07-26T23:49:30.984Z",
    "end": "2022-07-26T23:49:32.509Z",
    "duration": 1525,
    "testsRegistered": 2,
    "passPercent": 100,
    "pendingPercent": 0,
    "other": 0,
    "hasOther": false,
    "skipped": 0,
    "hasSkipped": false
  },
  "results": [
    {
      "uuid": "a65af5d3-6ae0-43e1-9469-4642950b4043",
      "title": "",
      "fullFile": "cypress/integration/listing.spec.js",
      "file": "cypress/integration/listing.spec.js",
      "beforeHooks": [],
      "afterHooks": [],
      "tests": [],
      "suites": [
        {
          "uuid": "b1f99bba-0f0b-4338-956e-970740dd6802",
          "title": "Listings",
          "fullFile": "",
          "file": "",
          "beforeHooks": [],
          "afterHooks": [],
          "tests": [
            {
              "title": "When there is no record, then the listing should be empty",
              "fullTitle": "Listings When there is no record, then the listing should be empty",
              "timedOut": null,
              "duration": 1278,
              "state": "passed",
              "speed": "fast",
              "pass": true,
              "fail": false,
              "pending": false,
              "context": null,
              "code": "cy.fixture('listing-empty').then(data => {\n  window.localStorage.setItem('data', JSON.stringify(data));\n});\ncy.visit('/listagem.html');\ncy.get('table tbody tr').should('have.length', 0);",
              "err": {},
              "uuid": "0106066b-30c9-41a0-a86b-e582fd69bc00",
              "parentUUID": "b1f99bba-0f0b-4338-956e-970740dd6802",
              "isHook": false,
              "skipped": false
            },
            {
              "title": "When there are one or more records, then the listing should display each record ",
              "fullTitle": "Listings When there are one or more records, then the listing should display each record ",
              "timedOut": null,
              "duration": 230,
              "state": "passed",
              "speed": "fast",
              "pass": true,
              "fail": false,
              "pending": false,
              "context": null,
              "code": "cy.fixture('listing-itens').then(data => {\n  window.localStorage.setItem('data', JSON.stringify(data));\n});\ncy.visit('/listagem.html');\ncy.get('table tbody tr').should('have.length', 2);",
              "err": {},
              "uuid": "8fec3493-7dc5-4ddf-9e6e-95ded1cc8212",
              "parentUUID": "b1f99bba-0f0b-4338-956e-970740dd6802",
              "isHook": false,
              "skipped": false
            }
          ],
          "suites": [],
          "passes": [
            "0106066b-30c9-41a0-a86b-e582fd69bc00",
            "8fec3493-7dc5-4ddf-9e6e-95ded1cc8212"
          ],
          "failures": [],
          "pending": [],
          "skipped": [],
          "duration": 1508,
          "root": false,
          "rootEmpty": false,
          "_timeout": 2000
        }
      ],
      "passes": [],
      "failures": [],
      "pending": [],
      "skipped": [],
      "duration": 0,
      "root": true,
      "rootEmpty": true,
      "_timeout": 2000
    }
  ],
  "meta": {
    "mocha": {
      "version": "7.0.1"
    },
    "mochawesome": {
      "options": {
        "quiet": true,
        "reportFilename": "mochawesome",
        "saveHtml": false,
        "saveJson": true,
        "consoleReporter": "spec",
        "useInlineDiffs": false,
        "code": true
      },
      "version": "7.1.3"
    },
    "marge": {
      "options": {
        "id": "default",
        "reportDir": "mochawesome-report",
        "quiet": true,
        "overwrite": false,
        "html": false,
        "json": true
      },
      "version": "6.2.0"
    }
  }
}